<?xml version="1.0" encoding="UTF-8"?>
<testng-results skipped="0" failed="0" total="1" passed="1">
  <reporter-output>
  </reporter-output>
  <suite name="Default suite" duration-ms="10918" started-at="2019-06-19T06:26:40Z" finished-at="2019-06-19T06:26:51Z">
    <groups>
    </groups>
    <test name="Default test" duration-ms="10918" started-at="2019-06-19T06:26:40Z" finished-at="2019-06-19T06:26:51Z">
      <class name="com.training.sanity.tests.Testcase3">
        <test-method status="PASS" signature="setUpBeforeClass()[pri:0, instance:com.training.sanity.tests.Testcase3@11531931]" name="setUpBeforeClass" is-config="true" duration-ms="4638" started-at="2019-06-19T11:56:40Z" finished-at="2019-06-19T11:56:45Z">
          <reporter-output>
          </reporter-output>
        </test-method> <!-- setUpBeforeClass -->
        <test-method status="PASS" signature="validLoginTest()[pri:0, instance:com.training.sanity.tests.Testcase3@11531931]" name="validLoginTest" duration-ms="5265" started-at="2019-06-19T11:56:45Z" finished-at="2019-06-19T11:56:50Z">
          <reporter-output>
          </reporter-output>
        </test-method> <!-- validLoginTest -->
        <test-method status="PASS" signature="tearDown()[pri:0, instance:com.training.sanity.tests.Testcase3@11531931]" name="tearDown" is-config="true" duration-ms="1000" started-at="2019-06-19T11:56:50Z" finished-at="2019-06-19T11:56:51Z">
          <reporter-output>
          </reporter-output>
        </test-method> <!-- tearDown -->
      </class> <!-- com.training.sanity.tests.Testcase3 -->
    </test> <!-- Default test -->
  </suite> <!-- Default suite -->
</testng-results>
